#
# A fatal error has been detected by the Java Runtime Environment:
#
#  EXCEPTION_ACCESS_VIOLATION (0xc0000005) at pc=0x000000005e8b82b5, pid=7072, tid=6676
#
# JRE version: Java(TM) SE Runtime Environment (8.0_45-b15) (build 1.8.0_45-b15)
# Java VM: Java HotSpot(TM) 64-Bit Server VM (25.45-b02 mixed mode windows-amd64 compressed oops)
# Problematic frame:
# V  [jvm.dll+0x1282b5]
#
# Failed to write core dump. Minidumps are not enabled by default on client versions of Windows
#
# If you would like to submit a bug report, please visit:
#   http://bugreport.java.com/bugreport/crash.jsp
#

---------------  T H R E A D  ---------------

Current thread (0x00000000567c6800):  JavaThread "JDWP Transport Listener: dt_socket" daemon [_thread_in_vm, id=6676, stack(0x0000000056f20000,0x0000000057020000)]

siginfo: ExceptionCode=0xc0000005, reading address 0xffffffffffffffff

Registers:
RAX=0x000000005701f701, RBX=0x00000000567c6800, RCX=0x003b00003b74732a, RDX=0x0000000000000000
RSP=0x000000005701f780, RBP=0x003b00003b74732a, RSI=0x000000005701f898, RDI=0x0000000002319640
R8 =0x00000000567c6800, R9 =0x000000000000ff00, R10=0x0000000000000000, R11=0x000000dd00200014
R12=0x0000000000000000, R13=0x00000000567c0468, R14=0x0000000000000000, R15=0x0000000000000000
RIP=0x000000005e8b82b5, EFLAGS=0x0000000000010202

Top of Stack: (sp=0x000000005701f780)
0x000000005701f780:   00000000567c6800 00000000567c6800
0x000000005701f790:   000000005701f848 000000005eabc7db
0x000000005701f7a0:   00000000567c6800 000000005ead903d
0x000000005701f7b0:   0000000000000000 0000000071739155
0x000000005701f7c0:   000000005686cb68 000000007174291e
0x000000005701f7d0:   00000000567c6800 0000000000000000
0x000000005701f7e0:   0000000000000000 0000000000000000
0x000000005701f7f0:   003b00003b74732a 0000000071741a15
0x000000005701f800:   000000005701f898 000000005701f870
0x000000005701f810:   0000000000000001 000000005686cb68
0x000000005701f820:   003b00003b74732a 00000000717253b3
0x000000005701f830:   000000005701f960 0000000000000001
0x000000005701f840:   0000000000000001 000000005686cb68
0x000000005701f850:   0000000000000002 0000000000000000
0x000000005701f860:   0000000000000000 0000000000000000
0x000000005701f870:   0000000000000001 0000000071725571 

Instructions: (pc=0x000000005e8b82b5)
0x000000005e8b8295:   cc cc cc cc cc cc cc cc cc cc cc 48 83 ec 28 48
0x000000005e8b82a5:   85 c9 75 07 33 c0 48 83 c4 28 c3 48 89 5c 24 20
0x000000005e8b82b5:   48 8b 19 48 85 db 74 20 48 83 fb 37 74 1a 48 8b
0x000000005e8b82c5:   13 48 8b cb ff 52 10 84 c0 74 0d 48 8b c3 48 8b 


Register to memory mapping:

RAX=0x000000005701f701 is pointing into the stack for thread: 0x00000000567c6800
RBX=0x00000000567c6800 is a thread
RCX=0x003b00003b74732a is an unknown value
RDX=0x0000000000000000 is an unknown value
RSP=0x000000005701f780 is pointing into the stack for thread: 0x00000000567c6800
RBP=0x003b00003b74732a is an unknown value
RSI=0x000000005701f898 is pointing into the stack for thread: 0x00000000567c6800
RDI=0x0000000002319640 is an unknown value
R8 =0x00000000567c6800 is a thread
R9 =0x000000000000ff00 is an unknown value
R10=0x0000000000000000 is an unknown value
R11=0x000000dd00200014 is an unknown value
R12=0x0000000000000000 is an unknown value
R13=0x00000000567c0468 is an unknown value
R14=0x0000000000000000 is an unknown value
R15=0x0000000000000000 is an unknown value


Stack: [0x0000000056f20000,0x0000000057020000],  sp=0x000000005701f780,  free space=1021k
Native frames: (J=compiled Java code, j=interpreted, Vv=VM code, C=native code)
V  [jvm.dll+0x1282b5]
V  [jvm.dll+0x34903d]
C  [jdwp.dll+0x21a15]
C  [jdwp.dll+0x53b3]
C  [jdwp.dll+0x5571]
C  [jdwp.dll+0xf0a8]
C  [jdwp.dll+0x1f2d5]
C  [jdwp.dll+0x1f4aa]
V  [jvm.dll+0x1bae98]
V  [jvm.dll+0x241984]
V  [jvm.dll+0x29853a]
C  [msvcr100.dll+0x21d9f]
C  [msvcr100.dll+0x21e3b]
C  [kernel32.dll+0x159cd]
C  [ntdll.dll+0x2b981]


---------------  P R O C E S S  ---------------

Java Threads: ( => current thread )
  0x000000005684e000 JavaThread "Service Thread" daemon [_thread_blocked, id=6740, stack(0x0000000056da0000,0x0000000056ea0000)]
  0x000000005682a000 JavaThread "C1 CompilerThread2" daemon [_thread_blocked, id=6848, stack(0x0000000057080000,0x0000000057180000)]
  0x00000000567e2800 JavaThread "C2 CompilerThread1" daemon [_thread_blocked, id=4856, stack(0x00000000575f0000,0x00000000576f0000)]
  0x00000000567de800 JavaThread "C2 CompilerThread0" daemon [_thread_blocked, id=6224, stack(0x00000000574b0000,0x00000000575b0000)]
  0x00000000567d1000 JavaThread "JDWP Command Reader" daemon [_thread_in_native, id=3868, stack(0x0000000057300000,0x0000000057400000)]
  0x00000000567d0000 JavaThread "JDWP Event Helper Thread" daemon [_thread_blocked, id=1288, stack(0x0000000057190000,0x0000000057290000)]
=>0x00000000567c6800 JavaThread "JDWP Transport Listener: dt_socket" daemon [_thread_in_vm, id=6676, stack(0x0000000056f20000,0x0000000057020000)]
  0x0000000054ef6000 JavaThread "Attach Listener" daemon [_thread_blocked, id=6916, stack(0x00000000566c0000,0x00000000567c0000)]
  0x0000000054ef3000 JavaThread "Signal Dispatcher" daemon [_thread_blocked, id=8016, stack(0x0000000056450000,0x0000000056550000)]
  0x0000000054e97800 JavaThread "Finalizer" daemon [_thread_blocked, id=7548, stack(0x0000000056250000,0x0000000056350000)]
  0x0000000054e90800 JavaThread "Reference Handler" daemon [_thread_blocked, id=6252, stack(0x00000000560f0000,0x00000000561f0000)]
  0x0000000001d28000 JavaThread "main" [_thread_blocked, id=6296, stack(0x0000000002320000,0x0000000002420000)]

Other Threads:
  0x0000000054e8a800 VMThread [stack: 0x0000000055fb0000,0x00000000560b0000] [id=8060]
  0x000000005685b000 WatcherThread [stack: 0x0000000057880000,0x0000000057980000] [id=6756]

VM state:not at safepoint (normal execution)

VM Mutex/Monitor currently owned by a thread: None

Heap:
 PSYoungGen      total 18944K, used 5571K [0x00000000eb400000, 0x00000000ec900000, 0x0000000100000000)
  eden space 16384K, 34% used [0x00000000eb400000,0x00000000eb970cd8,0x00000000ec400000)
  from space 2560K, 0% used [0x00000000ec680000,0x00000000ec680000,0x00000000ec900000)
  to   space 2560K, 0% used [0x00000000ec400000,0x00000000ec400000,0x00000000ec680000)
 ParOldGen       total 44032K, used 0K [0x00000000c1c00000, 0x00000000c4700000, 0x00000000eb400000)
  object space 44032K, 0% used [0x00000000c1c00000,0x00000000c1c00000,0x00000000c4700000)
 Metaspace       used 5007K, capacity 5124K, committed 5248K, reserved 1056768K
  class space    used 569K, capacity 600K, committed 640K, reserved 1048576K

Card table byte_map: [0x0000000011b30000,0x0000000011d30000] byte_map_base: 0x0000000011522000

Marking Bits: (ParMarkBitMap*) 0x000000005ef94040
 Begin Bits: [0x00000000123e0000, 0x0000000013370000)
 End Bits:   [0x0000000013370000, 0x0000000014300000)

Polling page: 0x0000000000340000

CodeCache: size=245760Kb used=1772Kb max_used=1772Kb free=243987Kb
 bounds [0x0000000002770000, 0x00000000029e0000, 0x0000000011770000]
 total_blobs=592 nmethods=310 adapters=203
 compilation: enabled

Compilation events (10 events):
Event: 0.531 Thread 0x000000005682a000  306       3       java.util.concurrent.ConcurrentHashMap$Node::<init> (26 bytes)
Event: 0.531 Thread 0x000000005682a000 nmethod 306 0x0000000002928790 code [0x00000000029288e0, 0x0000000002928ad0]
Event: 0.532 Thread 0x000000005682a000  307       1       sun.util.calendar.CalendarDate::getMonth (5 bytes)
Event: 0.532 Thread 0x000000005682a000 nmethod 307 0x000000000292b790 code [0x000000000292b8e0, 0x000000000292b9f0]
Event: 0.532 Thread 0x000000005682a000  308       1       java.net.URL::getQuery (5 bytes)
Event: 0.532 Thread 0x000000005682a000 nmethod 308 0x000000000292ba50 code [0x000000000292bba0, 0x000000000292bcb0]
Event: 0.532 Thread 0x000000005682a000  309       3       java.nio.Buffer::checkIndex (22 bytes)
Event: 0.532 Thread 0x000000005682a000 nmethod 309 0x000000000292bd10 code [0x000000000292be80, 0x000000000292c0e8]
Event: 0.532 Thread 0x000000005682a000  310       3       java.nio.DirectLongBufferU::ix (10 bytes)
Event: 0.532 Thread 0x000000005682a000 nmethod 310 0x000000000292c1d0 code [0x000000000292c320, 0x000000000292c490]

GC Heap History (0 events):
No events

Deoptimization events (0 events):
No events

Internal exceptions (2 events):
Event: 0.069 Thread 0x0000000001d28000 Exception <a 'java/lang/NoSuchMethodError': Method sun.misc.Unsafe.defineClass(Ljava/lang/String;[BII)Ljava/lang/Class; name or signature does not match> (0x00000000eb40d438) thrown at [C:\re\workspace\8-2-build-windows-amd64-cygwin\jdk8u45\3627\hotspot\sr½4s4Í±?
Event: 0.070 Thread 0x0000000001d28000 Exception <a 'java/lang/NoSuchMethodError': Method sun.misc.Unsafe.prefetchRead(Ljava/lang/Object;J)V name or signature does not match> (0x00000000eb40d6c8) thrown at [C:\re\workspace\8-2-build-windows-amd64-cygwin\jdk8u45\3627\hotspot\src\share\vm\prims\j

Events (10 events):
Event: 0.531 loading class org/supercsv/io/Tokenizer$TokenizerState
Event: 0.531 loading class org/supercsv/io/Tokenizer$TokenizerState done
Event: 0.531 loading class org/supercsv/cellprocessor/ift/CellProcessor
Event: 0.531 loading class org/supercsv/cellprocessor/ift/CellProcessor done
Event: 4.357 Executing VM operation: EnableBiasedLocking
Event: 4.357 Executing VM operation: EnableBiasedLocking done
Event: 29.124 Executing VM operation: ChangeBreakpoints
Event: 29.124 Executing VM operation: ChangeBreakpoints done
Event: 269.728 Executing VM operation: RedefineClasses
Event: 269.729 Executing VM operation: RedefineClasses done


Dynamic libraries:
0x000000013ff00000 - 0x000000013ff37000 	C:\Program Files\Java\jre1.8.0_45\bin\javaw.exe
0x0000000076cc0000 - 0x0000000076e69000 	C:\WINDOWS\SYSTEM32\ntdll.dll
0x0000000076ba0000 - 0x0000000076cbf000 	C:\WINDOWS\system32\kernel32.dll
0x000007fefcdd0000 - 0x000007fefce3c000 	C:\WINDOWS\system32\KERNELBASE.dll
0x000007fefed10000 - 0x000007fefedeb000 	C:\WINDOWS\system32\ADVAPI32.dll
0x000007fefd1f0000 - 0x000007fefd28f000 	C:\WINDOWS\system32\msvcrt.dll
0x000007fefd730000 - 0x000007fefd74f000 	C:\WINDOWS\SYSTEM32\sechost.dll
0x000007fefd290000 - 0x000007fefd3bd000 	C:\WINDOWS\system32\RPCRT4.dll
0x0000000076aa0000 - 0x0000000076b9a000 	C:\WINDOWS\system32\USER32.dll
0x000007fefdb90000 - 0x000007fefdbf7000 	C:\WINDOWS\system32\GDI32.dll
0x000007fefde30000 - 0x000007fefde3e000 	C:\WINDOWS\system32\LPK.dll
0x000007fefd3c0000 - 0x000007fefd489000 	C:\WINDOWS\system32\USP10.dll
0x000007fefb080000 - 0x000007fefb274000 	C:\WINDOWS\WinSxS\amd64_microsoft.windows.common-controls_6595b64144ccf1df_6.0.7601.18807_none_fa381d5f175bfb52\COMCTL32.dll
0x000007fefcee0000 - 0x000007fefcf51000 	C:\WINDOWS\system32\SHLWAPI.dll
0x000007fefd880000 - 0x000007fefd8ae000 	C:\WINDOWS\system32\IMM32.DLL
0x000007fefd770000 - 0x000007fefd879000 	C:\WINDOWS\system32\MSCTF.dll
0x000007fefc990000 - 0x000007fefc9ea000 	C:\PROGRA~2\BMCSOF~1\BBCA\Tuner\lib\MRBHOO~1.DLL
0x000000006c130000 - 0x000000006c202000 	C:\Program Files\Java\jre1.8.0_45\bin\msvcr100.dll
0x000000005e790000 - 0x000000005f013000 	C:\Program Files\Java\jre1.8.0_45\bin\server\jvm.dll
0x000007fef6890000 - 0x000007fef6899000 	C:\WINDOWS\system32\WSOCK32.dll
0x000007fefd6e0000 - 0x000007fefd72d000 	C:\WINDOWS\system32\WS2_32.dll
0x000007fefdb80000 - 0x000007fefdb88000 	C:\WINDOWS\system32\NSI.dll
0x000007fefa410000 - 0x000007fefa44b000 	C:\WINDOWS\system32\WINMM.dll
0x000007fefbb00000 - 0x000007fefbb0c000 	C:\WINDOWS\system32\VERSION.dll
0x0000000076e80000 - 0x0000000076e87000 	C:\WINDOWS\system32\PSAPI.DLL
0x0000000071630000 - 0x000000007163f000 	C:\Program Files\Java\jre1.8.0_45\bin\verify.dll
0x000000006f630000 - 0x000000006f659000 	C:\Program Files\Java\jre1.8.0_45\bin\java.dll
0x0000000071720000 - 0x0000000071755000 	C:\Program Files\Java\jre1.8.0_45\bin\jdwp.dll
0x00000000747d0000 - 0x00000000747d8000 	C:\Program Files\Java\jre1.8.0_45\bin\npt.dll
0x0000000070aa0000 - 0x0000000070ab6000 	C:\Program Files\Java\jre1.8.0_45\bin\zip.dll
0x000007fefdf80000 - 0x000007fefed09000 	C:\WINDOWS\system32\SHELL32.dll
0x000007fefcfe0000 - 0x000007fefd1e3000 	C:\WINDOWS\system32\ole32.dll
0x000007fefca80000 - 0x000007fefca8f000 	C:\WINDOWS\system32\profapi.dll
0x00000000747c0000 - 0x00000000747c9000 	C:\Program Files\Java\jre1.8.0_45\bin\dt_socket.dll
0x000007fefa710000 - 0x000007fefa725000 	C:\WINDOWS\system32\NLAapi.dll
0x000007fef9b60000 - 0x000007fef9b75000 	C:\WINDOWS\system32\napinsp.dll
0x000007fef9b80000 - 0x000007fef9b99000 	C:\WINDOWS\system32\pnrpnsp.dll
0x000007fefc1c0000 - 0x000007fefc215000 	C:\WINDOWS\System32\mswsock.dll
0x000007fefc040000 - 0x000007fefc09b000 	C:\WINDOWS\system32\DNSAPI.dll
0x000007fef9b50000 - 0x000007fef9b5b000 	C:\WINDOWS\System32\winrnr.dll
0x000007fefa580000 - 0x000007fefa5a7000 	C:\WINDOWS\system32\IPHLPAPI.DLL
0x000007fefa570000 - 0x000007fefa57b000 	C:\WINDOWS\system32\WINNSI.DLL
0x000007fefa3b0000 - 0x000007fefa403000 	C:\WINDOWS\System32\fwpuclnt.dll
0x000007fef9c60000 - 0x000007fef9c68000 	C:\WINDOWS\system32\rasadhlp.dll
0x000007fefbbd0000 - 0x000007fefbbd7000 	C:\WINDOWS\System32\wshtcpip.dll
0x00000000716f0000 - 0x0000000071714000 	C:\Program Files\Java\jre1.8.0_45\bin\sunec.dll
0x00000000719e0000 - 0x00000000719eb000 	C:\Program Files\Java\jre1.8.0_45\bin\sunmscapi.dll
0x000007fefcaa0000 - 0x000007fefcc0d000 	C:\WINDOWS\system32\CRYPT32.dll
0x000007fefca90000 - 0x000007fefca9f000 	C:\WINDOWS\system32\MSASN1.dll
0x000007fefc220000 - 0x000007fefc238000 	C:\WINDOWS\system32\CRYPTSP.dll
0x000007fefbf00000 - 0x000007fefbf47000 	C:\WINDOWS\system32\rsaenh.dll
0x000007fefcd10000 - 0x000007fefcd2e000 	C:\WINDOWS\system32\USERENV.dll
0x000007fefc8c0000 - 0x000007fefc8cf000 	C:\WINDOWS\system32\CRYPTBASE.dll
0x0000000070b40000 - 0x0000000070b5a000 	C:\Program Files\Java\jre1.8.0_45\bin\net.dll
0x000007fefc1b0000 - 0x000007fefc1b7000 	C:\WINDOWS\System32\wship6.dll
0x000007fefa380000 - 0x000007fefa391000 	C:\WINDOWS\system32\dhcpcsvc6.DLL
0x000007fefa1e0000 - 0x000007fefa1f8000 	C:\WINDOWS\system32\dhcpcsvc.DLL
0x000000006f670000 - 0x000000006f681000 	C:\Program Files\Java\jre1.8.0_45\bin\nio.dll
0x000007fef6580000 - 0x000007fef66a5000 	C:\WINDOWS\system32\dbghelp.dll

VM Arguments:
jvm_args: -agentlib:jdwp=transport=dt_socket,suspend=y,address=localhost:56860 -Dfile.encoding=Cp1252 
java_command: com.persistent.download.DownloadUtil C:\Data\Projects\XML-CSV-Tickets-Druva\OutputFiles\AttachCSV.csv C:\Data\Projects\XML-CSV-Tickets-Druva\OutputFiles\LocalPathAttachCsv.csv C:\Data\Projects\XML-CSV-Tickets-Druva\Druva-Attachments
java_class_path (initial): C:\Data\Projects\XML-CSV-Tickets-Druva\HttpFileDownload\bin;C:\Data\Projects\XML-CSV-Tickets-Druva\HttpFileDownload\lib\super-csv-2.2.0.jar
Launcher Type: SUN_STANDARD

Environment Variables:
PATH=C:/Program Files/Java/jre1.8.0_45/bin/server;C:/Program Files/Java/jre1.8.0_45/bin;C:/Program Files/Java/jre1.8.0_45/lib/amd64;C:\ProgramData\Oracle\Java\javapath;C:\Program Files\Java\jre1.8.0_45\bin;C:\Perl64\site\bin;C:\Perl64\bin;C:\Ruby193\bin;C:\WINDOWS\system32;C:\WINDOWS;C:\WINDOWS\System32\Wbem;C:\WINDOWS\System32\WindowsPowerShell\v1.0\;C:\Program Files\TortoiseSVN\bin;D:\Softwares\apache-ant-1.9.4-bin\apache-ant-1.9.4\bin;C:\Program Files (x86)\WinMerge;C:\Program Files\Microsoft\Web Platform Installer\;C:\Program Files (x86)\Microsoft ASP.NET\ASP.NET Web Pages\v1.0\;C:\Program Files\Microsoft SQL Server\110\Tools\Binn\;C:\Program Files (x86)\Heroku\bin;C:\Program Files (x86)\git\cmd;C:\Program Files (x86)\Heroku\ruby-1.9.3\bin;C:\Program Files (x86)\nodejs\;C:\Program Files\Java\jdk1.8.0_45\bin;C:\Python27;C:\Program Files\openssl-0.9.8k_X64\bin;;C:\My Prev Data\Softwares\eclipse;
USERNAME=mahadev_wagalgave
OS=Windows_NT
PROCESSOR_IDENTIFIER=Intel64 Family 6 Model 42 Stepping 7, GenuineIntel



---------------  S Y S T E M  ---------------

OS: Windows 7 , 64 bit Build 7601 (6.1.7601.18839)

CPU:total 4 (2 cores per cpu, 2 threads per core) family 6 model 42 stepping 7, cmov, cx8, fxsr, mmx, sse, sse2, sse3, ssse3, sse4.1, sse4.2, popcnt, avx, clmul, ht, tsc, tscinvbit

Memory: 4k page, physical 4072380k(898924k free), swap 8142924k(3232292k free)

vm_info: Java HotSpot(TM) 64-Bit Server VM (25.45-b02) for windows-amd64 JRE (1.8.0_45-b15), built on Apr 30 2015 12:40:44 by "java_re" with MS VC++ 10.0 (VS2010)

time: Fri Jun 05 15:21:13 2015
elapsed time: 269 seconds (0d 0h 4m 29s)

